#
# There is insufficient memory for the Java Runtime Environment to continue.
# Native memory allocation (malloc) failed to allocate 1048576 bytes for AllocateHeap
# Possible reasons:
#   The system is out of physical RAM or swap space
#   The process is running with CompressedOops enabled, and the Java Heap may be blocking the growth of the native heap
# Possible solutions:
#   Reduce memory load on the system
#   Increase physical memory or swap space
#   Check if swap backing store is full
#   Decrease Java heap size (-Xmx/-Xms)
#   Decrease number of Java threads
#   Decrease Java thread stack sizes (-Xss)
#   Set larger code cache with -XX:ReservedCodeCacheSize=
#   JVM is running with Zero Based Compressed Oops mode in which the Java heap is
#     placed in the first 32GB address space. The Java Heap base address is the
#     maximum limit for the native heap growth. Please use -XX:HeapBaseMinAddress
#     to set the Java Heap base and to place the Java Heap above 32GB virtual address.
# This output file may be truncated or incomplete.
#
#  Out of Memory Error (memory/allocation.inline.hpp:61), pid=17072, tid=0x0000000000000c84
#
# JRE version:  (8.0_301-b09) (build )
# Java VM: Java HotSpot(TM) 64-Bit Server VM (25.301-b09 mixed mode windows-amd64 compressed oops)
# Failed to write core dump. Minidumps are not enabled by default on client versions of Windows
#

---------------  T H R E A D  ---------------

Current thread (0x000002852192e000):  JavaThread "Unknown thread" [_thread_in_vm, id=3204, stack(0x000000d1d3e00000,0x000000d1d3f00000)]

Stack: [0x000000d1d3e00000,0x000000d1d3f00000]
Native frames: (J=compiled Java code, j=interpreted, Vv=VM code, C=native code)
V  [jvm.dll+0x32ed79]
V  [jvm.dll+0x275722]
V  [jvm.dll+0x2763cd]
V  [jvm.dll+0x26ce05]
V  [jvm.dll+0x509d]
V  [jvm.dll+0x3d3423]
V  [jvm.dll+0x3d3e38]
V  [jvm.dll+0xfcdcf]
V  [jvm.dll+0x20a0bb]
V  [jvm.dll+0x238ae7]
V  [jvm.dll+0x162876]
C  [javaw.exe+0x2322]
C  [javaw.exe+0x16544]
C  [KERNEL32.DLL+0x17034]
C  [ntdll.dll+0x52651]


---------------  P R O C E S S  ---------------

Java Threads: ( => current thread )

Other Threads:

=>0x000002852192e000 (exited) JavaThread "Unknown thread" [_thread_in_vm, id=3204, stack(0x000000d1d3e00000,0x000000d1d3f00000)]

VM state:not at safepoint (normal execution)

VM Mutex/Monitor currently owned by a thread: None

heap address: 0x00000006c3e00000, size: 4034 MB, Compressed Oops mode: Zero based, Oop shift amount: 3
Narrow klass base: 0x0000000000000000, Narrow klass shift: 3
Compressed class space size: 1073741824 Address: 0x00000007c0000000

Heap:
 PSYoungGen      total 75776K, used 1300K [0x000000076bf80000, 0x0000000771400000, 0x00000007c0000000)
  eden space 65024K, 2% used [0x000000076bf80000,0x000000076c0c51f8,0x000000076ff00000)
  from space 10752K, 0% used [0x0000000770980000,0x0000000770980000,0x0000000771400000)
  to   space 10752K, 0% used [0x000000076ff00000,0x000000076ff00000,0x0000000770980000)
 ParOldGen       total 173568K, used 0K [0x00000006c3e00000, 0x00000006ce780000, 0x000000076bf80000)
  object space 173568K, 0% used [0x00000006c3e00000,0x00000006c3e00000,0x00000006ce780000)
 Metaspace       used 764K, capacity 4480K, committed 4480K, reserved 1056768K
  class space    used 76K, capacity 384K, committed 384K, reserved 1048576K

Card table byte_map: [0x0000028532640000,0x0000028532e30000] byte_map_base: 0x000002852f021000

Marking Bits: (ParMarkBitMap*) 0x0000000067607fe0
 Begin Bits: [0x0000028533380000, 0x0000028537288000)
 End Bits:   [0x0000028537288000, 0x000002853b190000)

Polling page: 0x00000285218c0000

CodeCache: size=245760Kb used=328Kb max_used=328Kb free=245431Kb
 bounds [0x0000028523280000, 0x00000285234f0000, 0x0000028532280000]
 total_blobs=58 nmethods=0 adapters=38
 compilation: enabled

Compilation events (0 events):
No events

GC Heap History (0 events):
No events

Deoptimization events (0 events):
No events

Classes redefined (0 events):
No events

Internal exceptions (0 events):
No events

Events (10 events):
Event: 0.019 loading class java/lang/Short
Event: 0.019 loading class java/lang/Short done
Event: 0.019 loading class java/lang/Integer
Event: 0.019 loading class java/lang/Integer done
Event: 0.019 loading class java/lang/Long
Event: 0.019 loading class java/lang/Long done
Event: 0.020 loading class java/lang/NullPointerException
Event: 0.020 loading class java/lang/NullPointerException done
Event: 0.020 loading class java/lang/ArithmeticException
Event: 0.020 loading class java/lang/ArithmeticException done


Dynamic libraries:
0x00007ff6aea80000 - 0x00007ff6aeac7000 	C:\cassol\ambiente\java\jre-8u301\bin\javaw.exe
0x00007ffb34e90000 - 0x00007ffb35085000 	C:\WINDOWS\SYSTEM32\ntdll.dll
0x00007ffb33ed0000 - 0x00007ffb33f8d000 	C:\WINDOWS\System32\KERNEL32.DLL
0x00007ffb327b0000 - 0x00007ffb32a79000 	C:\WINDOWS\System32\KERNELBASE.dll
0x00007ffb33090000 - 0x00007ffb3313c000 	C:\WINDOWS\System32\ADVAPI32.dll
0x00007ffb34db0000 - 0x00007ffb34e4e000 	C:\WINDOWS\System32\msvcrt.dll
0x00007ffb33ba0000 - 0x00007ffb33c3b000 	C:\WINDOWS\System32\sechost.dll
0x00007ffb33a10000 - 0x00007ffb33b3a000 	C:\WINDOWS\System32\RPCRT4.dll
0x00007ffb33140000 - 0x00007ffb332e0000 	C:\WINDOWS\System32\USER32.dll
0x00007ffb32a80000 - 0x00007ffb32aa2000 	C:\WINDOWS\System32\win32u.dll
0x00007ffb33ea0000 - 0x00007ffb33eca000 	C:\WINDOWS\System32\GDI32.dll
0x00007ffb32ab0000 - 0x00007ffb32bbb000 	C:\WINDOWS\System32\gdi32full.dll
0x00007ffb32d50000 - 0x00007ffb32ded000 	C:\WINDOWS\System32\msvcp_win.dll
0x00007ffb32df0000 - 0x00007ffb32ef0000 	C:\WINDOWS\System32\ucrtbase.dll
0x00007ffb17d60000 - 0x00007ffb17ffa000 	C:\WINDOWS\WinSxS\amd64_microsoft.windows.common-controls_6595b64144ccf1df_6.0.19041.1110_none_60b5254171f9507e\COMCTL32.dll
0x00007ffb34040000 - 0x00007ffb34070000 	C:\WINDOWS\System32\IMM32.DLL
0x00007ffb27ff0000 - 0x00007ffb28005000 	C:\cassol\ambiente\java\jre-8u301\bin\vcruntime140.dll
0x00007ffb27f50000 - 0x00007ffb27feb000 	C:\cassol\ambiente\java\jre-8u301\bin\msvcp140.dll
0x0000000066e20000 - 0x0000000067680000 	C:\cassol\ambiente\java\jre-8u301\bin\server\jvm.dll
0x00007ffb332e0000 - 0x00007ffb332e8000 	C:\WINDOWS\System32\PSAPI.DLL
0x00007ffb1eec0000 - 0x00007ffb1eec9000 	C:\WINDOWS\SYSTEM32\WSOCK32.dll
0x00007ffb2c4b0000 - 0x00007ffb2c4ba000 	C:\WINDOWS\SYSTEM32\VERSION.dll
0x00007ffb1e630000 - 0x00007ffb1e657000 	C:\WINDOWS\SYSTEM32\WINMM.dll
0x00007ffb339a0000 - 0x00007ffb33a0b000 	C:\WINDOWS\System32\WS2_32.dll
0x00007ffb304f0000 - 0x00007ffb30502000 	C:\WINDOWS\SYSTEM32\kernel.appcore.dll
0x00007ffb2d050000 - 0x00007ffb2d060000 	C:\cassol\ambiente\java\jre-8u301\bin\verify.dll
0x00007ffb27f20000 - 0x00007ffb27f4b000 	C:\cassol\ambiente\java\jre-8u301\bin\java.dll
0x00007ffb1e6f0000 - 0x00007ffb1e726000 	C:\cassol\ambiente\java\jre-8u301\bin\jdwp.dll
0x00007ffb2dc30000 - 0x00007ffb2dc39000 	C:\cassol\ambiente\java\jre-8u301\bin\npt.dll
0x00007ffb1e6c0000 - 0x00007ffb1e6f0000 	C:\cassol\ambiente\java\jre-8u301\bin\instrument.dll
0x00007ffb21c70000 - 0x00007ffb21c88000 	C:\cassol\ambiente\java\jre-8u301\bin\zip.dll
0x00007ffb1beb0000 - 0x00007ffb1c094000 	C:\WINDOWS\SYSTEM32\dbghelp.dll
0x00007ffb32670000 - 0x00007ffb326f3000 	C:\WINDOWS\System32\bcryptPrimitives.dll

VM Arguments:
jvm_args: -agentlib:jdwp=transport=dt_socket,suspend=y,address=localhost:54617 -Dcom.sun.management.jmxremote -Dcom.sun.management.jmxremote.port=54610 -Dcom.sun.management.jmxremote.authenticate=false -Dcom.sun.management.jmxremote.ssl=false -Djava.rmi.server.hostname=localhost -Dspring.jmx.enabled=true -Dspring.application.admin.enabled=true -XX:TieredStopAtLevel=1 -Dspring.boot.project.name=fornecedor -javaagent:C:\Users\diogo.bosco\Downloads\sts-4.12.1.RELEASE\configuration\org.eclipse.osgi\258\0\.cp\lib\javaagent-shaded.jar -Dfile.encoding=UTF-8 
java_command: br.com.interplacecom.fornecedor.FornecedorApplication --spring.output.ansi.enabled=always
java_class_path (initial): C:\Users\diogo.bosco\Documents\workspace-spring\fornecedor\target\classes;C:\Users\diogo.bosco\.m2\repository\org\springframework\cloud\spring-cloud-starter-bootstrap\3.0.4\spring-cloud-starter-bootstrap-3.0.4.jar;C:\Users\diogo.bosco\.m2\repository\org\springframework\cloud\spring-cloud-starter\3.0.4\spring-cloud-starter-3.0.4.jar;C:\Users\diogo.bosco\.m2\repository\org\springframework\cloud\spring-cloud-context\3.0.4\spring-cloud-context-3.0.4.jar;C:\Users\diogo.bosco\.m2\repository\org\springframework\security\spring-security-crypto\5.5.3\spring-security-crypto-5.5.3.jar;C:\Users\diogo.bosco\.m2\repository\org\springframework\cloud\spring-cloud-commons\3.0.4\spring-cloud-commons-3.0.4.jar;C:\Users\diogo.bosco\.m2\repository\org\springframework\security\spring-security-rsa\1.0.10.RELEASE\spring-security-rsa-1.0.10.RELEASE.jar;C:\Users\diogo.bosco\.m2\repository\org\bouncycastle\bcpkix-jdk15on\1.68\bcpkix-jdk15on-1.68.jar;C:\Users\diogo.bosco\.m2\repository\org\bouncycastle\bcprov-jdk15on\1.68\bcprov-jdk15on-1.68.jar;C:\Users\diogo.bosco\.m2\repository\org\springframework\boot\spring-boot-starter-data-jpa\2.5.6\spring-boot-starter-data-jpa-2.5.6.jar;C:\Users\diogo.bosco\.m2\repository\org\springframework\boot\spring-boot-starter-aop\2.5.6\spring-boot-starter-aop-2.5.6.jar;C:\Users\diogo.bosco\.m2\repository\org\springframework\spring-aop\5.3.12\spring-aop-5.3.12.jar;C:\Users\diogo.bosco\.m2\repository\org\aspectj\aspectjweaver\1.9.7\aspectjweaver-1.9.7.jar;C:\Users\diogo.bosco\.m2\repository\org\springframework\boot\spring-boot-starter-jdbc\2.5.6\spring-boot-starter-jdbc-2.5.6.jar;C:\Users\diogo.bosco\.m2\repository\com\zaxxer\HikariCP\4.0.3\HikariCP-4.0.3.jar;C:\Users\diogo.bosco\.m2\repository\org\springframework\spring-jdbc\5.3.12\spring-jdbc-5.3.12.jar;C:\Users\diogo.bosco\.m2\repository\jakarta\transaction\jakarta.transaction-api\1.3.3\jakarta.transaction-api-1.3.3.jar;C:\Users\diogo.bosco\.m2\repository\jakarta\persistence\jakarta
Launcher Type: SUN_STANDARD

Environment Variables:
JAVA_HOME=C:\cassol\ambiente\java\jdk-8u301
PATH=C:/Users/diogo.bosco/Downloads/sts-4.12.1.RELEASE//plugins/org.eclipse.justj.openjdk.hotspot.jre.full.win32.x86_64_17.0.0.v20211012-1059/jre/bin/server;C:/Users/diogo.bosco/Downloads/sts-4.12.1.RELEASE//plugins/org.eclipse.justj.openjdk.hotspot.jre.full.win32.x86_64_17.0.0.v20211012-1059/jre/bin;C:\app\product\11.2.0\client_2\bin;C:\app\product\11.2.0\client_1\bin;C:\Program Files (x86)\Common Files\Oracle\Java\javapath;C:\WINDOWS\system32;C:\WINDOWS;C:\WINDOWS\System32\Wbem;C:\WINDOWS\System32\WindowsPowerShell\v1.0\;C:\WINDOWS\System32\OpenSSH\;C:\cassol\ambiente\java\jdk-8u301\bin;C:\cassol\ambiente\maven\apache-maven-3.6.3\bin;C:\cassol\ambiente\node\;C:\Users\diogo.bosco\AppData\Local\Microsoft\WindowsApps;;C:\Users\diogo.bosco\AppData\Local\Programs\Microsoft VS Code\bin;C:\Users\diogo.bosco\AppData\Roaming\npm;C:\Users\diogo.bosco\Downloads\sts-4.12.1.RELEASE;
USERNAME=diogo.bosco
OS=Windows_NT
PROCESSOR_IDENTIFIER=Intel64 Family 6 Model 165 Stepping 5, GenuineIntel



---------------  S Y S T E M  ---------------

OS: Windows 10.0 , 64 bit Build 19041 (10.0.19041.1151)

CPU:total 16 (initial active 16) (8 cores per cpu, 2 threads per core) family 6 model 165 stepping 5, cmov, cx8, fxsr, mmx, sse, sse2, sse3, ssse3, sse4.1, sse4.2, popcnt, avx, avx2, aes, clmul, erms, 3dnowpref, lzcnt, ht, tsc, tscinvbit, bmi1, bmi2, adx

Memory: 4k page, physical 16518868k(4165548k free), swap 16518868k(4676k free)

vm_info: Java HotSpot(TM) 64-Bit Server VM (25.301-b09) for windows-amd64 JRE (1.8.0_301-b09), built on Jun  9 2021 06:46:21 by "java_re" with MS VC++ 15.9 (VS2017)

time: Mon Nov 22 10:27:20 2021
timezone: Hora oficial do Brasil
elapsed time: 0.033720 seconds (0d 0h 0m 0s)

